2024-08-28T16:46:59.900+05:30  INFO 134276 --- [restartedMain] com.CustomerMain                         : Starting CustomerMain using Java 17.0.11 with PID 134276 (C:\Users\hp\eclipse-workspace\Capstoneproject\customers-ms\target\classes started by hp in C:\Users\hp\eclipse-workspace\Capstoneproject\customers-ms)
2024-08-28T16:46:59.903+05:30  INFO 134276 --- [restartedMain] com.CustomerMain                         : No active profile set, falling back to 1 default profile: "default"
2024-08-28T16:47:01.190+05:30  INFO 134276 --- [restartedMain] .s.d.r.c.RepositoryConfigurationDelegate : Bootstrapping Spring Data JPA repositories in DEFAULT mode.
2024-08-28T16:47:01.375+05:30  INFO 134276 --- [restartedMain] .s.d.r.c.RepositoryConfigurationDelegate : Finished Spring Data repository scanning in 184 ms. Found 2 JPA repository interfaces.
2024-08-28T16:47:01.483+05:30  INFO 134276 --- [restartedMain] o.s.b.w.embedded.tomcat.TomcatWebServer  : Tomcat initialized with port(s): 9008 (http)
2024-08-28T16:47:01.486+05:30  INFO 134276 --- [restartedMain] o.apache.catalina.core.StandardService   : Starting service [Tomcat]
2024-08-28T16:47:01.486+05:30  INFO 134276 --- [restartedMain] o.apache.catalina.core.StandardEngine    : Starting Servlet engine: [Apache Tomcat/10.1.8]
2024-08-28T16:47:01.509+05:30  INFO 134276 --- [restartedMain] o.a.c.c.C.[Tomcat].[localhost].[/]       : Initializing Spring embedded WebApplicationContext
2024-08-28T16:47:01.509+05:30  INFO 134276 --- [restartedMain] w.s.c.ServletWebServerApplicationContext : Root WebApplicationContext: initialization completed in 1602 ms
2024-08-28T16:47:01.577+05:30  INFO 134276 --- [restartedMain] com.zaxxer.hikari.HikariDataSource       : HikariPool-34 - Starting...
2024-08-28T16:47:01.746+05:30  INFO 134276 --- [restartedMain] com.zaxxer.hikari.pool.HikariPool        : HikariPool-34 - Added connection com.mysql.cj.jdbc.ConnectionImpl@3aa2b828
2024-08-28T16:47:01.747+05:30  INFO 134276 --- [restartedMain] com.zaxxer.hikari.HikariDataSource       : HikariPool-34 - Start completed.
2024-08-28T16:47:01.754+05:30  INFO 134276 --- [restartedMain] o.hibernate.jpa.internal.util.LogHelper  : HHH000204: Processing PersistenceUnitInfo [name: default]
2024-08-28T16:47:01.786+05:30  INFO 134276 --- [restartedMain] o.h.b.i.BytecodeProviderInitiator        : HHH000021: Bytecode provider name : bytebuddy
2024-08-28T16:47:01.786+05:30  INFO 134276 --- [restartedMain] o.s.o.j.p.SpringPersistenceUnitInfo      : No LoadTimeWeaver setup: ignoring JPA class transformer
2024-08-28T16:47:01.789+05:30  INFO 134276 --- [restartedMain] org.hibernate.orm.dialect                : HHH035001: Using dialect: org.hibernate.dialect.MySQL8Dialect, version: 8.0
2024-08-28T16:47:01.790+05:30  WARN 134276 --- [restartedMain] org.hibernate.orm.deprecation            : HHH90000026: MySQL8Dialect has been deprecated; use org.hibernate.dialect.MySQLDialect instead
2024-08-28T16:47:01.830+05:30  INFO 134276 --- [restartedMain] o.h.b.i.BytecodeProviderInitiator        : HHH000021: Bytecode provider name : bytebuddy
2024-08-28T16:47:01.910+05:30  INFO 134276 --- [restartedMain] o.h.e.t.j.p.i.JtaPlatformInitiator       : HHH000490: Using JtaPlatform implementation: [org.hibernate.engine.transaction.jta.platform.internal.NoJtaPlatform]
2024-08-28T16:47:01.910+05:30  INFO 134276 --- [restartedMain] j.LocalContainerEntityManagerFactoryBean : Initialized JPA EntityManagerFactory for persistence unit 'default'
2024-08-28T16:47:02.010+05:30  WARN 134276 --- [restartedMain] JpaBaseConfiguration$JpaWebConfiguration : spring.jpa.open-in-view is enabled by default. Therefore, database queries may be performed during view rendering. Explicitly configure spring.jpa.open-in-view to disable this warning
2024-08-28T16:47:02.090+05:30  WARN 134276 --- [restartedMain] o.s.b.d.a.OptionalLiveReloadServer       : Unable to start LiveReload server
2024-08-28T16:47:02.102+05:30  INFO 134276 --- [restartedMain] o.s.b.w.embedded.tomcat.TomcatWebServer  : Tomcat started on port(s): 9008 (http) with context path ''
2024-08-28T16:47:02.107+05:30  INFO 134276 --- [restartedMain] com.CustomerMain                         : Started CustomerMain in 2.696 seconds (process running for 20225.396)
2024-08-28T16:47:02.109+05:30  INFO 134276 --- [restartedMain] .ConditionEvaluationDeltaLoggingListener : Condition evaluation unchanged
2024-08-28T16:53:27.392+05:30  INFO 134276 --- [File Watcher] rtingClassPathChangeChangedEventListener : Restarting due to 1 class path change (0 additions, 0 deletions, 1 modification)
2024-08-28T16:53:27.688+05:30  INFO 134276 --- [Thread-133] o.apache.catalina.core.StandardService   : Stopping service [Tomcat]
2024-08-28T16:53:27.846+05:30  INFO 134276 --- [Thread-133] j.LocalContainerEntityManagerFactoryBean : Closing JPA EntityManagerFactory for persistence unit 'default'
2024-08-28T16:53:27.894+05:30  INFO 134276 --- [Thread-133] com.zaxxer.hikari.HikariDataSource       : HikariPool-34 - Shutdown initiated...
2024-08-28T16:53:27.972+05:30  INFO 134276 --- [Thread-133] com.zaxxer.hikari.HikariDataSource       : HikariPool-34 - Shutdown completed.
2024-08-28T16:53:28.483+05:30  INFO 134276 --- [restartedMain] com.CustomerMain                         : Starting CustomerMain using Java 17.0.11 with PID 134276 (C:\Users\hp\eclipse-workspace\Capstoneproject\customers-ms\target\classes started by hp in C:\Users\hp\eclipse-workspace\Capstoneproject\customers-ms)
2024-08-28T16:53:28.483+05:30  INFO 134276 --- [restartedMain] com.CustomerMain                         : No active profile set, falling back to 1 default profile: "default"
2024-08-28T16:53:30.129+05:30  INFO 134276 --- [restartedMain] .s.d.r.c.RepositoryConfigurationDelegate : Bootstrapping Spring Data JPA repositories in DEFAULT mode.
2024-08-28T16:53:30.284+05:30  INFO 134276 --- [restartedMain] .s.d.r.c.RepositoryConfigurationDelegate : Finished Spring Data repository scanning in 154 ms. Found 2 JPA repository interfaces.
2024-08-28T16:53:30.370+05:30  INFO 134276 --- [restartedMain] o.s.b.w.embedded.tomcat.TomcatWebServer  : Tomcat initialized with port(s): 9008 (http)
2024-08-28T16:53:30.371+05:30  INFO 134276 --- [restartedMain] o.apache.catalina.core.StandardService   : Starting service [Tomcat]
2024-08-28T16:53:30.371+05:30  INFO 134276 --- [restartedMain] o.apache.catalina.core.StandardEngine    : Starting Servlet engine: [Apache Tomcat/10.1.8]
2024-08-28T16:53:30.397+05:30  INFO 134276 --- [restartedMain] o.a.c.c.C.[Tomcat].[localhost].[/]       : Initializing Spring embedded WebApplicationContext
2024-08-28T16:53:30.397+05:30  INFO 134276 --- [restartedMain] w.s.c.ServletWebServerApplicationContext : Root WebApplicationContext: initialization completed in 1908 ms
2024-08-28T16:53:30.433+05:30  INFO 134276 --- [restartedMain] com.zaxxer.hikari.HikariDataSource       : HikariPool-35 - Starting...
2024-08-28T16:53:30.501+05:30  INFO 134276 --- [restartedMain] com.zaxxer.hikari.pool.HikariPool        : HikariPool-35 - Added connection com.mysql.cj.jdbc.ConnectionImpl@25562e14
2024-08-28T16:53:30.501+05:30  INFO 134276 --- [restartedMain] com.zaxxer.hikari.HikariDataSource       : HikariPool-35 - Start completed.
2024-08-28T16:53:30.503+05:30  INFO 134276 --- [restartedMain] o.hibernate.jpa.internal.util.LogHelper  : HHH000204: Processing PersistenceUnitInfo [name: default]
2024-08-28T16:53:30.518+05:30  INFO 134276 --- [restartedMain] o.h.b.i.BytecodeProviderInitiator        : HHH000021: Bytecode provider name : bytebuddy
2024-08-28T16:53:30.518+05:30  INFO 134276 --- [restartedMain] o.s.o.j.p.SpringPersistenceUnitInfo      : No LoadTimeWeaver setup: ignoring JPA class transformer
2024-08-28T16:53:30.519+05:30  INFO 134276 --- [restartedMain] org.hibernate.orm.dialect                : HHH035001: Using dialect: org.hibernate.dialect.MySQL8Dialect, version: 8.0
2024-08-28T16:53:30.519+05:30  WARN 134276 --- [restartedMain] org.hibernate.orm.deprecation            : HHH90000026: MySQL8Dialect has been deprecated; use org.hibernate.dialect.MySQLDialect instead
2024-08-28T16:53:30.533+05:30  INFO 134276 --- [restartedMain] o.h.b.i.BytecodeProviderInitiator        : HHH000021: Bytecode provider name : bytebuddy
2024-08-28T16:53:30.568+05:30  INFO 134276 --- [restartedMain] o.h.e.t.j.p.i.JtaPlatformInitiator       : HHH000490: Using JtaPlatform implementation: [org.hibernate.engine.transaction.jta.platform.internal.NoJtaPlatform]
2024-08-28T16:53:30.568+05:30  INFO 134276 --- [restartedMain] j.LocalContainerEntityManagerFactoryBean : Initialized JPA EntityManagerFactory for persistence unit 'default'
2024-08-28T16:53:30.670+05:30  WARN 134276 --- [restartedMain] JpaBaseConfiguration$JpaWebConfiguration : spring.jpa.open-in-view is enabled by default. Therefore, database queries may be performed during view rendering. Explicitly configure spring.jpa.open-in-view to disable this warning
2024-08-28T16:53:30.740+05:30  WARN 134276 --- [restartedMain] o.s.b.d.a.OptionalLiveReloadServer       : Unable to start LiveReload server
2024-08-28T16:53:30.748+05:30  INFO 134276 --- [restartedMain] o.s.b.w.embedded.tomcat.TomcatWebServer  : Tomcat started on port(s): 9008 (http) with context path ''
2024-08-28T16:53:30.752+05:30  INFO 134276 --- [restartedMain] com.CustomerMain                         : Started CustomerMain in 2.334 seconds (process running for 20614.039)
2024-08-28T16:53:30.753+05:30  INFO 134276 --- [restartedMain] .ConditionEvaluationDeltaLoggingListener : Condition evaluation unchanged
2024-08-28T17:04:52.045+05:30  INFO 134276 --- [File Watcher] rtingClassPathChangeChangedEventListener : Restarting due to 1 class path change (0 additions, 0 deletions, 1 modification)
2024-08-28T17:04:52.832+05:30  INFO 134276 --- [Thread-137] o.apache.catalina.core.StandardService   : Stopping service [Tomcat]
2024-08-28T17:04:53.348+05:30  INFO 134276 --- [Thread-137] j.LocalContainerEntityManagerFactoryBean : Closing JPA EntityManagerFactory for persistence unit 'default'
2024-08-28T17:04:53.486+05:30  INFO 134276 --- [Thread-137] com.zaxxer.hikari.HikariDataSource       : HikariPool-35 - Shutdown initiated...
2024-08-28T17:04:53.684+05:30  INFO 134276 --- [Thread-137] com.zaxxer.hikari.HikariDataSource       : HikariPool-35 - Shutdown completed.
2024-08-28T17:04:55.743+05:30  INFO 134276 --- [restartedMain] com.CustomerMain                         : Starting CustomerMain using Java 17.0.11 with PID 134276 (C:\Users\hp\eclipse-workspace\Capstoneproject\customers-ms\target\classes started by hp in C:\Users\hp\eclipse-workspace\Capstoneproject\customers-ms)
2024-08-28T17:04:55.749+05:30  INFO 134276 --- [restartedMain] com.CustomerMain                         : No active profile set, falling back to 1 default profile: "default"
2024-08-28T17:04:57.869+05:30  INFO 134276 --- [restartedMain] .s.d.r.c.RepositoryConfigurationDelegate : Bootstrapping Spring Data JPA repositories in DEFAULT mode.
2024-08-28T17:04:58.072+05:30  INFO 134276 --- [restartedMain] .s.d.r.c.RepositoryConfigurationDelegate : Finished Spring Data repository scanning in 202 ms. Found 2 JPA repository interfaces.
2024-08-28T17:04:58.151+05:30  INFO 134276 --- [restartedMain] o.s.b.w.embedded.tomcat.TomcatWebServer  : Tomcat initialized with port(s): 9008 (http)
2024-08-28T17:04:58.153+05:30  INFO 134276 --- [restartedMain] o.apache.catalina.core.StandardService   : Starting service [Tomcat]
2024-08-28T17:04:58.153+05:30  INFO 134276 --- [restartedMain] o.apache.catalina.core.StandardEngine    : Starting Servlet engine: [Apache Tomcat/10.1.8]
2024-08-28T17:04:58.176+05:30  INFO 134276 --- [restartedMain] o.a.c.c.C.[Tomcat].[localhost].[/]       : Initializing Spring embedded WebApplicationContext
2024-08-28T17:04:58.176+05:30  INFO 134276 --- [restartedMain] w.s.c.ServletWebServerApplicationContext : Root WebApplicationContext: initialization completed in 2420 ms
2024-08-28T17:04:58.218+05:30  INFO 134276 --- [restartedMain] com.zaxxer.hikari.HikariDataSource       : HikariPool-36 - Starting...
2024-08-28T17:04:58.352+05:30  INFO 134276 --- [restartedMain] com.zaxxer.hikari.pool.HikariPool        : HikariPool-36 - Added connection com.mysql.cj.jdbc.ConnectionImpl@46505e80
2024-08-28T17:04:58.352+05:30  INFO 134276 --- [restartedMain] com.zaxxer.hikari.HikariDataSource       : HikariPool-36 - Start completed.
2024-08-28T17:04:58.356+05:30  INFO 134276 --- [restartedMain] o.hibernate.jpa.internal.util.LogHelper  : HHH000204: Processing PersistenceUnitInfo [name: default]
2024-08-28T17:04:58.372+05:30  INFO 134276 --- [restartedMain] o.h.b.i.BytecodeProviderInitiator        : HHH000021: Bytecode provider name : bytebuddy
2024-08-28T17:04:58.372+05:30  INFO 134276 --- [restartedMain] o.s.o.j.p.SpringPersistenceUnitInfo      : No LoadTimeWeaver setup: ignoring JPA class transformer
2024-08-28T17:04:58.374+05:30  INFO 134276 --- [restartedMain] org.hibernate.orm.dialect                : HHH035001: Using dialect: org.hibernate.dialect.MySQL8Dialect, version: 8.0
2024-08-28T17:04:58.374+05:30  WARN 134276 --- [restartedMain] org.hibernate.orm.deprecation            : HHH90000026: MySQL8Dialect has been deprecated; use org.hibernate.dialect.MySQLDialect instead
2024-08-28T17:04:58.397+05:30  INFO 134276 --- [restartedMain] o.h.b.i.BytecodeProviderInitiator        : HHH000021: Bytecode provider name : bytebuddy
2024-08-28T17:04:58.438+05:30  INFO 134276 --- [restartedMain] o.h.e.t.j.p.i.JtaPlatformInitiator       : HHH000490: Using JtaPlatform implementation: [org.hibernate.engine.transaction.jta.platform.internal.NoJtaPlatform]
2024-08-28T17:04:58.438+05:30  INFO 134276 --- [restartedMain] j.LocalContainerEntityManagerFactoryBean : Initialized JPA EntityManagerFactory for persistence unit 'default'
2024-08-28T17:04:58.551+05:30  WARN 134276 --- [restartedMain] JpaBaseConfiguration$JpaWebConfiguration : spring.jpa.open-in-view is enabled by default. Therefore, database queries may be performed during view rendering. Explicitly configure spring.jpa.open-in-view to disable this warning
2024-08-28T17:04:58.650+05:30  WARN 134276 --- [restartedMain] o.s.b.d.a.OptionalLiveReloadServer       : Unable to start LiveReload server
2024-08-28T17:04:58.664+05:30  INFO 134276 --- [restartedMain] o.s.b.w.embedded.tomcat.TomcatWebServer  : Tomcat started on port(s): 9008 (http) with context path ''
2024-08-28T17:04:58.668+05:30  INFO 134276 --- [restartedMain] com.CustomerMain                         : Started CustomerMain in 3.325 seconds (process running for 21301.954)
2024-08-28T17:04:58.670+05:30  INFO 134276 --- [restartedMain] .ConditionEvaluationDeltaLoggingListener : Condition evaluation unchanged
2024-08-28T17:05:55.531+05:30  INFO 134276 --- [File Watcher] rtingClassPathChangeChangedEventListener : Restarting due to 1 class path change (0 additions, 0 deletions, 1 modification)
2024-08-28T17:05:55.891+05:30  INFO 134276 --- [Thread-141] o.apache.catalina.core.StandardService   : Stopping service [Tomcat]
2024-08-28T17:05:56.036+05:30  INFO 134276 --- [Thread-141] j.LocalContainerEntityManagerFactoryBean : Closing JPA EntityManagerFactory for persistence unit 'default'
2024-08-28T17:05:56.074+05:30  INFO 134276 --- [Thread-141] com.zaxxer.hikari.HikariDataSource       : HikariPool-36 - Shutdown initiated...
2024-08-28T17:05:56.133+05:30  INFO 134276 --- [Thread-141] com.zaxxer.hikari.HikariDataSource       : HikariPool-36 - Shutdown completed.
2024-08-28T17:05:56.734+05:30  INFO 134276 --- [restartedMain] com.CustomerMain                         : Starting CustomerMain using Java 17.0.11 with PID 134276 (C:\Users\hp\eclipse-workspace\Capstoneproject\customers-ms\target\classes started by hp in C:\Users\hp\eclipse-workspace\Capstoneproject\customers-ms)
2024-08-28T17:05:56.735+05:30  INFO 134276 --- [restartedMain] com.CustomerMain                         : No active profile set, falling back to 1 default profile: "default"
2024-08-28T17:05:57.824+05:30  INFO 134276 --- [restartedMain] .s.d.r.c.RepositoryConfigurationDelegate : Bootstrapping Spring Data JPA repositories in DEFAULT mode.
2024-08-28T17:05:57.997+05:30  INFO 134276 --- [restartedMain] .s.d.r.c.RepositoryConfigurationDelegate : Finished Spring Data repository scanning in 171 ms. Found 2 JPA repository interfaces.
2024-08-28T17:05:58.151+05:30  INFO 134276 --- [restartedMain] o.s.b.w.embedded.tomcat.TomcatWebServer  : Tomcat initialized with port(s): 9008 (http)
2024-08-28T17:05:58.152+05:30  INFO 134276 --- [restartedMain] o.apache.catalina.core.StandardService   : Starting service [Tomcat]
2024-08-28T17:05:58.152+05:30  INFO 134276 --- [restartedMain] o.apache.catalina.core.StandardEngine    : Starting Servlet engine: [Apache Tomcat/10.1.8]
2024-08-28T17:05:58.188+05:30  INFO 134276 --- [restartedMain] o.a.c.c.C.[Tomcat].[localhost].[/]       : Initializing Spring embedded WebApplicationContext
2024-08-28T17:05:58.188+05:30  INFO 134276 --- [restartedMain] w.s.c.ServletWebServerApplicationContext : Root WebApplicationContext: initialization completed in 1451 ms
2024-08-28T17:05:58.252+05:30  INFO 134276 --- [restartedMain] com.zaxxer.hikari.HikariDataSource       : HikariPool-37 - Starting...
2024-08-28T17:05:58.459+05:30  INFO 134276 --- [restartedMain] com.zaxxer.hikari.pool.HikariPool        : HikariPool-37 - Added connection com.mysql.cj.jdbc.ConnectionImpl@4996514b
2024-08-28T17:05:58.459+05:30  INFO 134276 --- [restartedMain] com.zaxxer.hikari.HikariDataSource       : HikariPool-37 - Start completed.
2024-08-28T17:05:58.467+05:30  INFO 134276 --- [restartedMain] o.hibernate.jpa.internal.util.LogHelper  : HHH000204: Processing PersistenceUnitInfo [name: default]
2024-08-28T17:05:58.483+05:30  INFO 134276 --- [restartedMain] o.h.b.i.BytecodeProviderInitiator        : HHH000021: Bytecode provider name : bytebuddy
2024-08-28T17:05:58.484+05:30  INFO 134276 --- [restartedMain] o.s.o.j.p.SpringPersistenceUnitInfo      : No LoadTimeWeaver setup: ignoring JPA class transformer
2024-08-28T17:05:58.487+05:30  INFO 134276 --- [restartedMain] org.hibernate.orm.dialect                : HHH035001: Using dialect: org.hibernate.dialect.MySQL8Dialect, version: 8.0
2024-08-28T17:05:58.487+05:30  WARN 134276 --- [restartedMain] org.hibernate.orm.deprecation            : HHH90000026: MySQL8Dialect has been deprecated; use org.hibernate.dialect.MySQLDialect instead
2024-08-28T17:05:58.519+05:30  INFO 134276 --- [restartedMain] o.h.b.i.BytecodeProviderInitiator        : HHH000021: Bytecode provider name : bytebuddy
2024-08-28T17:05:58.594+05:30  INFO 134276 --- [restartedMain] o.h.e.t.j.p.i.JtaPlatformInitiator       : HHH000490: Using JtaPlatform implementation: [org.hibernate.engine.transaction.jta.platform.internal.NoJtaPlatform]
2024-08-28T17:05:58.595+05:30  INFO 134276 --- [restartedMain] j.LocalContainerEntityManagerFactoryBean : Initialized JPA EntityManagerFactory for persistence unit 'default'
2024-08-28T17:05:58.719+05:30  WARN 134276 --- [restartedMain] JpaBaseConfiguration$JpaWebConfiguration : spring.jpa.open-in-view is enabled by default. Therefore, database queries may be performed during view rendering. Explicitly configure spring.jpa.open-in-view to disable this warning
2024-08-28T17:05:58.831+05:30  WARN 134276 --- [restartedMain] o.s.b.d.a.OptionalLiveReloadServer       : Unable to start LiveReload server
2024-08-28T17:05:58.848+05:30  INFO 134276 --- [restartedMain] o.s.b.w.embedded.tomcat.TomcatWebServer  : Tomcat started on port(s): 9008 (http) with context path ''
2024-08-28T17:05:58.855+05:30  INFO 134276 --- [restartedMain] com.CustomerMain                         : Started CustomerMain in 2.18 seconds (process running for 21362.14)
2024-08-28T17:05:58.858+05:30  INFO 134276 --- [restartedMain] .ConditionEvaluationDeltaLoggingListener : Condition evaluation unchanged
2024-08-28T17:07:24.297+05:30  INFO 134276 --- [http-nio-9008-exec-1] o.a.c.c.C.[Tomcat].[localhost].[/]       : Initializing Spring DispatcherServlet 'dispatcherServlet'
2024-08-28T17:07:24.364+05:30  INFO 134276 --- [http-nio-9008-exec-1] o.s.web.servlet.DispatcherServlet        : Initializing Servlet 'dispatcherServlet'
2024-08-28T17:07:24.565+05:30  INFO 134276 --- [http-nio-9008-exec-1] o.s.web.servlet.DispatcherServlet        : Completed initialization in 200 ms
2024-08-28T17:07:25.536+05:30  INFO 134276 --- [http-nio-9008-exec-1] com.controller.BookingController         : Received request to book room for customer ID: 1
2024-08-28T17:07:25.543+05:30  INFO 134276 --- [http-nio-9008-exec-1] com.service.BookingService               : Starting booking process for customer ID: 1
2024-08-28T17:07:25.757+05:30 DEBUG 134276 --- [http-nio-9008-exec-1] org.hibernate.SQL                        : 
    select
        c1_0.customer_id,
        c1_0.customer_name,
        c1_0.dateofbirth,
        c1_0.email,
        c1_0.password,
        c1_0.phone_number 
    from
        customers c1_0 
    where
        c1_0.customer_id=?
2024-08-28T17:07:25.986+05:30  INFO 134276 --- [http-nio-9008-exec-1] com.service.BookingService               : Customer ID 1 found. Proceeding to validate room ID: 102
2024-08-28T17:07:27.267+05:30  INFO 134276 --- [http-nio-9008-exec-1] com.service.BookingService               : Room ID 102 found. Proceeding to book the room.
2024-08-28T17:07:27.330+05:30 DEBUG 134276 --- [http-nio-9008-exec-1] org.hibernate.SQL                        : 
    insert 
    into
        bookings
        (booking_date,customer_id,room_id,status) 
    values
        (?,?,?,?)
2024-08-28T17:07:27.446+05:30  INFO 134276 --- [http-nio-9008-exec-1] com.service.BookingService               : Room ID 102 successfully booked for customer ID 1.
2024-08-28T17:07:27.448+05:30  INFO 134276 --- [http-nio-9008-exec-1] com.controller.BookingController         : Room booked successfully for customer ID: 1
2024-08-28T17:09:10.285+05:30  INFO 134276 --- [File Watcher] rtingClassPathChangeChangedEventListener : Restarting due to 1 class path change (0 additions, 0 deletions, 1 modification)
2024-08-28T17:09:10.527+05:30  INFO 134276 --- [Thread-145] o.apache.catalina.core.StandardService   : Stopping service [Tomcat]
2024-08-28T17:09:10.554+05:30  INFO 134276 --- [Thread-145] o.a.c.c.C.[Tomcat].[localhost].[/]       : Destroying Spring FrameworkServlet 'dispatcherServlet'
2024-08-28T17:09:10.824+05:30  INFO 134276 --- [Thread-145] j.LocalContainerEntityManagerFactoryBean : Closing JPA EntityManagerFactory for persistence unit 'default'
2024-08-28T17:09:10.876+05:30  INFO 134276 --- [Thread-145] com.zaxxer.hikari.HikariDataSource       : HikariPool-37 - Shutdown initiated...
2024-08-28T17:09:10.949+05:30  INFO 134276 --- [Thread-145] com.zaxxer.hikari.HikariDataSource       : HikariPool-37 - Shutdown completed.
2024-08-28T17:09:12.001+05:30  INFO 134276 --- [restartedMain] com.CustomerMain                         : Starting CustomerMain using Java 17.0.11 with PID 134276 (C:\Users\hp\eclipse-workspace\Capstoneproject\customers-ms\target\classes started by hp in C:\Users\hp\eclipse-workspace\Capstoneproject\customers-ms)
2024-08-28T17:09:12.001+05:30  INFO 134276 --- [restartedMain] com.CustomerMain                         : No active profile set, falling back to 1 default profile: "default"
2024-08-28T17:09:13.352+05:30  INFO 134276 --- [restartedMain] .s.d.r.c.RepositoryConfigurationDelegate : Bootstrapping Spring Data JPA repositories in DEFAULT mode.
2024-08-28T17:09:13.525+05:30  INFO 134276 --- [restartedMain] .s.d.r.c.RepositoryConfigurationDelegate : Finished Spring Data repository scanning in 173 ms. Found 2 JPA repository interfaces.
2024-08-28T17:09:13.593+05:30  INFO 134276 --- [restartedMain] o.s.b.w.embedded.tomcat.TomcatWebServer  : Tomcat initialized with port(s): 9008 (http)
2024-08-28T17:09:13.593+05:30  INFO 134276 --- [restartedMain] o.apache.catalina.core.StandardService   : Starting service [Tomcat]
2024-08-28T17:09:13.593+05:30  INFO 134276 --- [restartedMain] o.apache.catalina.core.StandardEngine    : Starting Servlet engine: [Apache Tomcat/10.1.8]
2024-08-28T17:09:13.607+05:30  INFO 134276 --- [restartedMain] o.a.c.c.C.[Tomcat].[localhost].[/]       : Initializing Spring embedded WebApplicationContext
2024-08-28T17:09:13.608+05:30  INFO 134276 --- [restartedMain] w.s.c.ServletWebServerApplicationContext : Root WebApplicationContext: initialization completed in 1604 ms
2024-08-28T17:09:13.642+05:30  INFO 134276 --- [restartedMain] com.zaxxer.hikari.HikariDataSource       : HikariPool-38 - Starting...
2024-08-28T17:09:13.716+05:30  INFO 134276 --- [restartedMain] com.zaxxer.hikari.pool.HikariPool        : HikariPool-38 - Added connection com.mysql.cj.jdbc.ConnectionImpl@25ae0c8e
2024-08-28T17:09:13.716+05:30  INFO 134276 --- [restartedMain] com.zaxxer.hikari.HikariDataSource       : HikariPool-38 - Start completed.
2024-08-28T17:09:13.718+05:30  INFO 134276 --- [restartedMain] o.hibernate.jpa.internal.util.LogHelper  : HHH000204: Processing PersistenceUnitInfo [name: default]
2024-08-28T17:09:13.731+05:30  INFO 134276 --- [restartedMain] o.h.b.i.BytecodeProviderInitiator        : HHH000021: Bytecode provider name : bytebuddy
2024-08-28T17:09:13.731+05:30  INFO 134276 --- [restartedMain] o.s.o.j.p.SpringPersistenceUnitInfo      : No LoadTimeWeaver setup: ignoring JPA class transformer
2024-08-28T17:09:13.732+05:30  INFO 134276 --- [restartedMain] org.hibernate.orm.dialect                : HHH035001: Using dialect: org.hibernate.dialect.MySQL8Dialect, version: 8.0
2024-08-28T17:09:13.732+05:30  WARN 134276 --- [restartedMain] org.hibernate.orm.deprecation            : HHH90000026: MySQL8Dialect has been deprecated; use org.hibernate.dialect.MySQLDialect instead
2024-08-28T17:09:13.747+05:30  INFO 134276 --- [restartedMain] o.h.b.i.BytecodeProviderInitiator        : HHH000021: Bytecode provider name : bytebuddy
2024-08-28T17:09:13.782+05:30  INFO 134276 --- [restartedMain] o.h.e.t.j.p.i.JtaPlatformInitiator       : HHH000490: Using JtaPlatform implementation: [org.hibernate.engine.transaction.jta.platform.internal.NoJtaPlatform]
2024-08-28T17:09:13.782+05:30  INFO 134276 --- [restartedMain] j.LocalContainerEntityManagerFactoryBean : Initialized JPA EntityManagerFactory for persistence unit 'default'
2024-08-28T17:09:13.870+05:30  WARN 134276 --- [restartedMain] JpaBaseConfiguration$JpaWebConfiguration : spring.jpa.open-in-view is enabled by default. Therefore, database queries may be performed during view rendering. Explicitly configure spring.jpa.open-in-view to disable this warning
2024-08-28T17:09:13.947+05:30  WARN 134276 --- [restartedMain] o.s.b.d.a.OptionalLiveReloadServer       : Unable to start LiveReload server
2024-08-28T17:09:13.954+05:30  INFO 134276 --- [restartedMain] o.s.b.w.embedded.tomcat.TomcatWebServer  : Tomcat started on port(s): 9008 (http) with context path ''
2024-08-28T17:09:13.958+05:30  INFO 134276 --- [restartedMain] com.CustomerMain                         : Started CustomerMain in 2.145 seconds (process running for 21557.242)
2024-08-28T17:09:13.959+05:30  INFO 134276 --- [restartedMain] .ConditionEvaluationDeltaLoggingListener : Condition evaluation unchanged
2024-08-28T17:10:46.832+05:30  INFO 134276 --- [File Watcher] rtingClassPathChangeChangedEventListener : Restarting due to 2 class path changes (0 additions, 0 deletions, 2 modifications)
2024-08-28T17:10:47.388+05:30  INFO 134276 --- [Thread-149] o.apache.catalina.core.StandardService   : Stopping service [Tomcat]
2024-08-28T17:10:47.557+05:30  INFO 134276 --- [Thread-149] j.LocalContainerEntityManagerFactoryBean : Closing JPA EntityManagerFactory for persistence unit 'default'
2024-08-28T17:10:47.595+05:30  INFO 134276 --- [Thread-149] com.zaxxer.hikari.HikariDataSource       : HikariPool-38 - Shutdown initiated...
2024-08-28T17:10:47.668+05:30  INFO 134276 --- [Thread-149] com.zaxxer.hikari.HikariDataSource       : HikariPool-38 - Shutdown completed.
2024-08-28T17:10:48.223+05:30  INFO 134276 --- [restartedMain] com.CustomerMain                         : Starting CustomerMain using Java 17.0.11 with PID 134276 (C:\Users\hp\eclipse-workspace\Capstoneproject\customers-ms\target\classes started by hp in C:\Users\hp\eclipse-workspace\Capstoneproject\customers-ms)
2024-08-28T17:10:48.232+05:30  INFO 134276 --- [restartedMain] com.CustomerMain                         : No active profile set, falling back to 1 default profile: "default"
2024-08-28T17:10:49.304+05:30  INFO 134276 --- [restartedMain] .s.d.r.c.RepositoryConfigurationDelegate : Bootstrapping Spring Data JPA repositories in DEFAULT mode.
2024-08-28T17:10:49.437+05:30  INFO 134276 --- [restartedMain] .s.d.r.c.RepositoryConfigurationDelegate : Finished Spring Data repository scanning in 132 ms. Found 2 JPA repository interfaces.
2024-08-28T17:10:49.526+05:30  INFO 134276 --- [restartedMain] o.s.b.w.embedded.tomcat.TomcatWebServer  : Tomcat initialized with port(s): 9008 (http)
2024-08-28T17:10:49.526+05:30  INFO 134276 --- [restartedMain] o.apache.catalina.core.StandardService   : Starting service [Tomcat]
2024-08-28T17:10:49.527+05:30  INFO 134276 --- [restartedMain] o.apache.catalina.core.StandardEngine    : Starting Servlet engine: [Apache Tomcat/10.1.8]
2024-08-28T17:10:49.551+05:30  INFO 134276 --- [restartedMain] o.a.c.c.C.[Tomcat].[localhost].[/]       : Initializing Spring embedded WebApplicationContext
2024-08-28T17:10:49.551+05:30  INFO 134276 --- [restartedMain] w.s.c.ServletWebServerApplicationContext : Root WebApplicationContext: initialization completed in 1309 ms
2024-08-28T17:10:49.594+05:30  INFO 134276 --- [restartedMain] com.zaxxer.hikari.HikariDataSource       : HikariPool-39 - Starting...
2024-08-28T17:10:49.656+05:30  INFO 134276 --- [restartedMain] com.zaxxer.hikari.pool.HikariPool        : HikariPool-39 - Added connection com.mysql.cj.jdbc.ConnectionImpl@64b7ff04
2024-08-28T17:10:49.656+05:30  INFO 134276 --- [restartedMain] com.zaxxer.hikari.HikariDataSource       : HikariPool-39 - Start completed.
2024-08-28T17:10:49.660+05:30  INFO 134276 --- [restartedMain] o.hibernate.jpa.internal.util.LogHelper  : HHH000204: Processing PersistenceUnitInfo [name: default]
2024-08-28T17:10:49.673+05:30  INFO 134276 --- [restartedMain] o.h.b.i.BytecodeProviderInitiator        : HHH000021: Bytecode provider name : bytebuddy
2024-08-28T17:10:49.673+05:30  INFO 134276 --- [restartedMain] o.s.o.j.p.SpringPersistenceUnitInfo      : No LoadTimeWeaver setup: ignoring JPA class transformer
2024-08-28T17:10:49.675+05:30  INFO 134276 --- [restartedMain] org.hibernate.orm.dialect                : HHH035001: Using dialect: org.hibernate.dialect.MySQL8Dialect, version: 8.0
2024-08-28T17:10:49.675+05:30  WARN 134276 --- [restartedMain] org.hibernate.orm.deprecation            : HHH90000026: MySQL8Dialect has been deprecated; use org.hibernate.dialect.MySQLDialect instead
2024-08-28T17:10:49.692+05:30  INFO 134276 --- [restartedMain] o.h.b.i.BytecodeProviderInitiator        : HHH000021: Bytecode provider name : bytebuddy
2024-08-28T17:10:49.727+05:30  INFO 134276 --- [restartedMain] o.h.e.t.j.p.i.JtaPlatformInitiator       : HHH000490: Using JtaPlatform implementation: [org.hibernate.engine.transaction.jta.platform.internal.NoJtaPlatform]
2024-08-28T17:10:49.727+05:30  INFO 134276 --- [restartedMain] j.LocalContainerEntityManagerFactoryBean : Initialized JPA EntityManagerFactory for persistence unit 'default'
2024-08-28T17:10:49.815+05:30  WARN 134276 --- [restartedMain] JpaBaseConfiguration$JpaWebConfiguration : spring.jpa.open-in-view is enabled by default. Therefore, database queries may be performed during view rendering. Explicitly configure spring.jpa.open-in-view to disable this warning
2024-08-28T17:10:49.883+05:30  WARN 134276 --- [restartedMain] o.s.b.d.a.OptionalLiveReloadServer       : Unable to start LiveReload server
2024-08-28T17:10:49.891+05:30  INFO 134276 --- [restartedMain] o.s.b.w.embedded.tomcat.TomcatWebServer  : Tomcat started on port(s): 9008 (http) with context path ''
2024-08-28T17:10:49.897+05:30  INFO 134276 --- [restartedMain] com.CustomerMain                         : Started CustomerMain in 1.72 seconds (process running for 21653.18)
2024-08-28T17:10:49.898+05:30  INFO 134276 --- [restartedMain] .ConditionEvaluationDeltaLoggingListener : Condition evaluation unchanged
2024-08-28T17:25:26.517+05:30  INFO 134276 --- [http-nio-9008-exec-2] o.a.c.c.C.[Tomcat].[localhost].[/]       : Initializing Spring DispatcherServlet 'dispatcherServlet'
2024-08-28T17:25:26.548+05:30  INFO 134276 --- [http-nio-9008-exec-2] o.s.web.servlet.DispatcherServlet        : Initializing Servlet 'dispatcherServlet'
2024-08-28T17:25:26.629+05:30  INFO 134276 --- [http-nio-9008-exec-2] o.s.web.servlet.DispatcherServlet        : Completed initialization in 80 ms
2024-08-28T17:25:26.946+05:30  INFO 134276 --- [http-nio-9008-exec-2] com.controller.BookingController         : Received request to retrieve bookings for customer ID: 1
2024-08-28T17:25:26.949+05:30  INFO 134276 --- [http-nio-9008-exec-2] com.service.BookingService               : Retrieving bookings for customer ID: 1
2024-08-28T17:25:27.690+05:30 DEBUG 134276 --- [http-nio-9008-exec-2] org.hibernate.SQL                        : 
    select
        b1_0.booking_id,
        b1_0.booking_date,
        b1_0.customer_id,
        b1_0.room_id,
        b1_0.status 
    from
        bookings b1_0 
    where
        b1_0.customer_id=?
2024-08-28T17:25:27.757+05:30  INFO 134276 --- [http-nio-9008-exec-2] com.service.BookingService               : Found 9 bookings for customer ID: 1
2024-08-28T17:25:27.757+05:30  INFO 134276 --- [http-nio-9008-exec-2] com.controller.BookingController         : Found 9 bookings for customer ID: 1
2024-08-28T17:26:04.472+05:30  INFO 134276 --- [http-nio-9008-exec-1] com.controller.BookingController         : Received request to book room for customer ID: 1
2024-08-28T17:26:04.473+05:30  INFO 134276 --- [http-nio-9008-exec-1] com.service.BookingService               : Starting booking process for customer ID: 1
2024-08-28T17:26:04.503+05:30 DEBUG 134276 --- [http-nio-9008-exec-1] org.hibernate.SQL                        : 
    select
        c1_0.customer_id,
        c1_0.customer_name,
        c1_0.dateofbirth,
        c1_0.email,
        c1_0.password,
        c1_0.phone_number 
    from
        customers c1_0 
    where
        c1_0.customer_id=?
2024-08-28T17:26:04.517+05:30  INFO 134276 --- [http-nio-9008-exec-1] com.service.BookingService               : Customer ID 1 found. Proceeding to validate room ID: 102
2024-08-28T17:26:04.885+05:30  INFO 134276 --- [http-nio-9008-exec-1] com.service.BookingService               : Room ID 102 found. Proceeding to book the room.
2024-08-28T17:26:04.909+05:30 DEBUG 134276 --- [http-nio-9008-exec-1] org.hibernate.SQL                        : 
    insert 
    into
        bookings
        (booking_date,customer_id,room_id,status) 
    values
        (?,?,?,?)
2024-08-28T17:26:04.962+05:30  INFO 134276 --- [http-nio-9008-exec-1] com.service.BookingService               : Room ID 102 successfully booked for customer ID 1.
2024-08-28T17:26:04.962+05:30  INFO 134276 --- [http-nio-9008-exec-1] com.controller.BookingController         : Room booked successfully for customer ID: 1
2024-08-28T17:26:16.077+05:30  INFO 134276 --- [http-nio-9008-exec-6] com.controller.BookingController         : Received request to book room for customer ID: 122
2024-08-28T17:26:16.078+05:30  INFO 134276 --- [http-nio-9008-exec-6] com.service.BookingService               : Starting booking process for customer ID: 122
2024-08-28T17:26:16.094+05:30 DEBUG 134276 --- [http-nio-9008-exec-6] org.hibernate.SQL                        : 
    select
        c1_0.customer_id,
        c1_0.customer_name,
        c1_0.dateofbirth,
        c1_0.email,
        c1_0.password,
        c1_0.phone_number 
    from
        customers c1_0 
    where
        c1_0.customer_id=?
2024-08-28T17:26:16.099+05:30 ERROR 134276 --- [http-nio-9008-exec-6] com.service.BookingService               : Customer ID 122 does not exist.
2024-08-28T17:26:16.101+05:30 ERROR 134276 --- [http-nio-9008-exec-6] com.controller.BookingController         : Error during room booking for customer ID 122: Customer ID 122 does not exist.
2024-08-28T17:26:16.131+05:30  WARN 134276 --- [http-nio-9008-exec-6] .m.m.a.ExceptionHandlerExceptionResolver : Resolved [com.exception.CustomException: Customer ID 122 does not exist.]
2024-08-28T17:26:30.816+05:30  INFO 134276 --- [http-nio-9008-exec-7] com.controller.BookingController         : Received request to book room for customer ID: 122
2024-08-28T17:26:30.817+05:30  INFO 134276 --- [http-nio-9008-exec-7] com.service.BookingService               : Starting booking process for customer ID: 122
2024-08-28T17:26:30.822+05:30 DEBUG 134276 --- [http-nio-9008-exec-7] org.hibernate.SQL                        : 
    select
        c1_0.customer_id,
        c1_0.customer_name,
        c1_0.dateofbirth,
        c1_0.email,
        c1_0.password,
        c1_0.phone_number 
    from
        customers c1_0 
    where
        c1_0.customer_id=?
2024-08-28T17:26:30.824+05:30 ERROR 134276 --- [http-nio-9008-exec-7] com.service.BookingService               : Customer ID 122 does not exist.
2024-08-28T17:26:30.824+05:30 ERROR 134276 --- [http-nio-9008-exec-7] com.controller.BookingController         : Error during room booking for customer ID 122: Customer ID 122 does not exist.
2024-08-28T17:26:30.828+05:30  WARN 134276 --- [http-nio-9008-exec-7] .m.m.a.ExceptionHandlerExceptionResolver : Resolved [com.exception.CustomException: Customer ID 122 does not exist.]
2024-08-28T17:26:45.597+05:30  INFO 134276 --- [http-nio-9008-exec-8] com.controller.BookingController         : Received request to book room for customer ID: 3
2024-08-28T17:26:45.597+05:30  INFO 134276 --- [http-nio-9008-exec-8] com.service.BookingService               : Starting booking process for customer ID: 3
2024-08-28T17:26:45.599+05:30 DEBUG 134276 --- [http-nio-9008-exec-8] org.hibernate.SQL                        : 
    select
        c1_0.customer_id,
        c1_0.customer_name,
        c1_0.dateofbirth,
        c1_0.email,
        c1_0.password,
        c1_0.phone_number 
    from
        customers c1_0 
    where
        c1_0.customer_id=?
2024-08-28T17:26:45.602+05:30  INFO 134276 --- [http-nio-9008-exec-8] com.service.BookingService               : Customer ID 3 found. Proceeding to validate room ID: 177
2024-08-28T17:26:45.638+05:30 ERROR 134276 --- [http-nio-9008-exec-8] com.controller.BookingController         : Unexpected error during room booking: 404 : "{"status":404,"message":"Room not found with ID: 177"}"
2024-08-28T17:26:45.640+05:30  WARN 134276 --- [http-nio-9008-exec-8] .m.m.a.ExceptionHandlerExceptionResolver : Resolved [com.exception.CustomException: Failed to book room: 404 : "{"status":404,"message":"Room not found with ID: 177"}"]
2024-08-28T17:27:08.080+05:30  INFO 134276 --- [http-nio-9008-exec-2] com.controller.BookingController         : Received request to book room for customer ID: 3
2024-08-28T17:27:08.081+05:30  INFO 134276 --- [http-nio-9008-exec-2] com.service.BookingService               : Starting booking process for customer ID: 3
2024-08-28T17:27:08.082+05:30 DEBUG 134276 --- [http-nio-9008-exec-2] org.hibernate.SQL                        : 
    select
        c1_0.customer_id,
        c1_0.customer_name,
        c1_0.dateofbirth,
        c1_0.email,
        c1_0.password,
        c1_0.phone_number 
    from
        customers c1_0 
    where
        c1_0.customer_id=?
2024-08-28T17:27:08.085+05:30  INFO 134276 --- [http-nio-9008-exec-2] com.service.BookingService               : Customer ID 3 found. Proceeding to validate room ID: 102
2024-08-28T17:27:08.128+05:30  INFO 134276 --- [http-nio-9008-exec-2] com.service.BookingService               : Room ID 102 found. Proceeding to book the room.
2024-08-28T17:27:08.130+05:30 DEBUG 134276 --- [http-nio-9008-exec-2] org.hibernate.SQL                        : 
    insert 
    into
        bookings
        (booking_date,customer_id,room_id,status) 
    values
        (?,?,?,?)
2024-08-28T17:27:08.139+05:30  INFO 134276 --- [http-nio-9008-exec-2] com.service.BookingService               : Room ID 102 successfully booked for customer ID 3.
2024-08-28T17:27:08.139+05:30  INFO 134276 --- [http-nio-9008-exec-2] com.controller.BookingController         : Room booked successfully for customer ID: 3
2024-08-28T23:36:18.070+05:30  INFO 122120 --- [restartedMain] com.CustomerMain                         : Starting CustomerMain using Java 17.0.11 with PID 122120 (C:\Users\hp\eclipse-workspace\Capstoneproject\customers-ms\target\classes started by hp in C:\Users\hp\eclipse-workspace\Capstoneproject\customers-ms)
2024-08-28T23:36:18.074+05:30  INFO 122120 --- [restartedMain] com.CustomerMain                         : No active profile set, falling back to 1 default profile: "default"
2024-08-28T23:36:18.132+05:30  INFO 122120 --- [restartedMain] .e.DevToolsPropertyDefaultsPostProcessor : Devtools property defaults active! Set 'spring.devtools.add-properties' to 'false' to disable
2024-08-28T23:36:18.133+05:30  INFO 122120 --- [restartedMain] .e.DevToolsPropertyDefaultsPostProcessor : For additional web related logging consider setting the 'logging.level.web' property to 'DEBUG'
2024-08-28T23:36:19.912+05:30  INFO 122120 --- [restartedMain] .s.d.r.c.RepositoryConfigurationDelegate : Bootstrapping Spring Data JPA repositories in DEFAULT mode.
2024-08-28T23:36:20.225+05:30  INFO 122120 --- [restartedMain] .s.d.r.c.RepositoryConfigurationDelegate : Finished Spring Data repository scanning in 297 ms. Found 2 JPA repository interfaces.
2024-08-28T23:36:21.130+05:30  INFO 122120 --- [restartedMain] o.s.b.w.embedded.tomcat.TomcatWebServer  : Tomcat initialized with port(s): 9008 (http)
2024-08-28T23:36:21.145+05:30  INFO 122120 --- [restartedMain] o.apache.catalina.core.StandardService   : Starting service [Tomcat]
2024-08-28T23:36:21.145+05:30  INFO 122120 --- [restartedMain] o.apache.catalina.core.StandardEngine    : Starting Servlet engine: [Apache Tomcat/10.1.8]
2024-08-28T23:36:21.221+05:30  INFO 122120 --- [restartedMain] o.a.c.c.C.[Tomcat].[localhost].[/]       : Initializing Spring embedded WebApplicationContext
2024-08-28T23:36:21.221+05:30  INFO 122120 --- [restartedMain] w.s.c.ServletWebServerApplicationContext : Root WebApplicationContext: initialization completed in 3088 ms
2024-08-28T23:36:21.423+05:30  INFO 122120 --- [restartedMain] com.zaxxer.hikari.HikariDataSource       : HikariPool-1 - Starting...
2024-08-28T23:36:21.935+05:30  INFO 122120 --- [restartedMain] com.zaxxer.hikari.pool.HikariPool        : HikariPool-1 - Added connection com.mysql.cj.jdbc.ConnectionImpl@5715cf62
2024-08-28T23:36:21.942+05:30  INFO 122120 --- [restartedMain] com.zaxxer.hikari.HikariDataSource       : HikariPool-1 - Start completed.
2024-08-28T23:36:22.002+05:30  INFO 122120 --- [restartedMain] o.hibernate.jpa.internal.util.LogHelper  : HHH000204: Processing PersistenceUnitInfo [name: default]
2024-08-28T23:36:22.080+05:30  INFO 122120 --- [restartedMain] org.hibernate.Version                    : HHH000412: Hibernate ORM core version 6.2.2.Final
2024-08-28T23:36:22.084+05:30  INFO 122120 --- [restartedMain] org.hibernate.cfg.Environment            : HHH000406: Using bytecode reflection optimizer
2024-08-28T23:36:22.318+05:30  INFO 122120 --- [restartedMain] o.h.b.i.BytecodeProviderInitiator        : HHH000021: Bytecode provider name : bytebuddy
2024-08-28T23:36:22.522+05:30  INFO 122120 --- [restartedMain] o.s.o.j.p.SpringPersistenceUnitInfo      : No LoadTimeWeaver setup: ignoring JPA class transformer
2024-08-28T23:36:22.622+05:30  INFO 122120 --- [restartedMain] org.hibernate.orm.dialect                : HHH035001: Using dialect: org.hibernate.dialect.MySQL8Dialect, version: 8.0
2024-08-28T23:36:22.625+05:30  WARN 122120 --- [restartedMain] org.hibernate.orm.deprecation            : HHH90000026: MySQL8Dialect has been deprecated; use org.hibernate.dialect.MySQLDialect instead
2024-08-28T23:36:22.882+05:30  INFO 122120 --- [restartedMain] o.h.b.i.BytecodeProviderInitiator        : HHH000021: Bytecode provider name : bytebuddy
2024-08-28T23:36:23.958+05:30  INFO 122120 --- [restartedMain] o.h.e.t.j.p.i.JtaPlatformInitiator       : HHH000490: Using JtaPlatform implementation: [org.hibernate.engine.transaction.jta.platform.internal.NoJtaPlatform]
2024-08-28T23:36:23.964+05:30  INFO 122120 --- [restartedMain] j.LocalContainerEntityManagerFactoryBean : Initialized JPA EntityManagerFactory for persistence unit 'default'
2024-08-28T23:36:24.586+05:30  WARN 122120 --- [restartedMain] JpaBaseConfiguration$JpaWebConfiguration : spring.jpa.open-in-view is enabled by default. Therefore, database queries may be performed during view rendering. Explicitly configure spring.jpa.open-in-view to disable this warning
2024-08-28T23:36:25.099+05:30  INFO 122120 --- [restartedMain] o.s.b.d.a.OptionalLiveReloadServer       : LiveReload server is running on port 35729
2024-08-28T23:36:25.147+05:30  INFO 122120 --- [restartedMain] o.s.b.w.embedded.tomcat.TomcatWebServer  : Tomcat started on port(s): 9008 (http) with context path ''
2024-08-28T23:36:25.161+05:30  INFO 122120 --- [restartedMain] com.CustomerMain                         : Started CustomerMain in 7.481 seconds (process running for 7.99)
2024-08-28T23:36:47.259+05:30  INFO 122120 --- [http-nio-9008-exec-2] o.a.c.c.C.[Tomcat].[localhost].[/]       : Initializing Spring DispatcherServlet 'dispatcherServlet'
2024-08-28T23:36:47.267+05:30  INFO 122120 --- [http-nio-9008-exec-2] o.s.web.servlet.DispatcherServlet        : Initializing Servlet 'dispatcherServlet'
2024-08-28T23:36:47.267+05:30  INFO 122120 --- [http-nio-9008-exec-2] o.s.web.servlet.DispatcherServlet        : Completed initialization in 0 ms
2024-08-28T23:36:50.683+05:30  INFO 122120 --- [http-nio-9008-exec-3] o.springdoc.api.AbstractOpenApiResource  : Init duration for springdoc-openapi is: 3113 ms
